<?xml version="1.0" encoding="UTF-8"?>
<!-- Generated by org.testng.reporters.JUnitXMLReporter -->
<testsuite ignored="0" hostname="ATMECSINLT-087" failures="1" tests="6" name="Test" time="48.028" errors="0" timestamp="08 Nov 2019 14:37:07 GMT">
  <testcase classname="com.tutorialsninja.TutorialsninjaAutomation.testscripts.HeatClinicFuctionalityTesting" name="headerRedirectionValidation" time="1.288"/>
  <testcase classname="com.tutorialsninja.TutorialsninjaAutomation.testscripts.HeatClinicFuctionalityTesting" name="headerRedirectionValidation" time="1.133"/>
  <testcase classname="com.tutorialsninja.TutorialsninjaAutomation.testscripts.HeatClinicFuctionalityTesting" name="headerRedirectionValidation" time="0.785"/>
  <testcase classname="com.tutorialsninja.TutorialsninjaAutomation.testscripts.HeatClinicFuctionalityTesting" name="headerRedirectionValidation" time="0.927"/>
  <testcase classname="com.tutorialsninja.TutorialsninjaAutomation.testscripts.HeatClinicFuctionalityTesting" name="headerRedirectionValidation" time="0.759"/>
  <testcase classname="com.tutorialsninja.TutorialsninjaAutomation.testscripts.HeatClinicFuctionalityTesting" name="merchandiseFunctionality" time="30.524">
    <failure type="java.lang.AssertionError" message="expected [$44.97] but found [$14.99]">
      <![CDATA[java.lang.AssertionError: expected [$44.97] but found [$14.99]
at com.tutorialsninja.TutorialsninjaAutomation.pages.HeatClinicValidation.assertion(HeatClinicValidation.java:43)
at com.tutorialsninja.TutorialsninjaAutomation.pages.HeatClinicValidation.totalPriceValidation(HeatClinicValidation.java:87)
at com.tutorialsninja.TutorialsninjaAutomation.testscripts.HeatClinicFuctionalityTesting.merchandiseFunctionality(HeatClinicFuctionalityTesting.java:66)
... Removed 36 stack frames]]>
    </failure>
  </testcase> <!-- merchandiseFunctionality -->
</testsuite> <!-- Test -->
