<?xml version="1.0" encoding="UTF-8"?>
<testng-results ignored="0" total="6" passed="5" failed="1" skipped="0">
  <reporter-output>
  </reporter-output>
  <suite started-at="2019-11-08T14:37:07Z" name="Suite" finished-at="2019-11-08T14:37:07Z" duration-ms="0">
    <groups>
    </groups>
  </suite> <!-- Suite -->
  <suite started-at="2019-11-08T14:36:19Z" name="Suite (0)" finished-at="2019-11-08T14:37:07Z" duration-ms="48028">
    <groups>
    </groups>
    <test started-at="2019-11-08T14:36:19Z" name="Test" finished-at="2019-11-08T14:37:07Z" duration-ms="48028">
      <class name="com.tutorialsninja.TutorialsninjaAutomation.testscripts.HeatClinicFuctionalityTesting">
        <test-method is-config="true" signature="intitailizeBrowser()[pri:0, instance:com.tutorialsninja.TutorialsninjaAutomation.testscripts.HeatClinicFuctionalityTesting@4d49af10]" started-at="2019-11-08T14:36:05Z" name="intitailizeBrowser" finished-at="2019-11-08T14:36:19Z" duration-ms="13624" status="PASS">
          <reporter-output>
          </reporter-output>
        </test-method> <!-- intitailizeBrowser -->
        <test-method is-config="true" signature="intailization()[pri:0, instance:com.tutorialsninja.TutorialsninjaAutomation.testscripts.HeatClinicFuctionalityTesting@4d49af10]" started-at="2019-11-08T14:36:19Z" name="intailization" finished-at="2019-11-08T14:36:30Z" duration-ms="10571" status="PASS">
          <reporter-output>
          </reporter-output>
        </test-method> <!-- intailization -->
        <test-method signature="headerRedirectionValidation(java.lang.String, java.lang.String)[pri:1, instance:com.tutorialsninja.TutorialsninjaAutomation.testscripts.HeatClinicFuctionalityTesting@4d49af10]" started-at="2019-11-08T14:36:31Z" name="headerRedirectionValidation" data-provider="Headertitle" finished-at="2019-11-08T14:36:32Z" duration-ms="1288" status="PASS">
          <params>
            <param index="0">
              <value>
                <![CDATA[2]]>
              </value>
            </param>
            <param index="1">
              <value>
                <![CDATA[Broadleaf Commerce Demo Store - Heat Clinic - Hot Sauces]]>
              </value>
            </param>
          </params>
          <reporter-output>
          </reporter-output>
        </test-method> <!-- headerRedirectionValidation -->
        <test-method signature="headerRedirectionValidation(java.lang.String, java.lang.String)[pri:1, instance:com.tutorialsninja.TutorialsninjaAutomation.testscripts.HeatClinicFuctionalityTesting@4d49af10]" started-at="2019-11-08T14:36:32Z" name="headerRedirectionValidation" data-provider="Headertitle" finished-at="2019-11-08T14:36:33Z" duration-ms="1133" status="PASS">
          <params>
            <param index="0">
              <value>
                <![CDATA[3]]>
              </value>
            </param>
            <param index="1">
              <value>
                <![CDATA[Broadleaf Commerce Demo Store - Heat Clinic - Merchandise]]>
              </value>
            </param>
          </params>
          <reporter-output>
          </reporter-output>
        </test-method> <!-- headerRedirectionValidation -->
        <test-method signature="headerRedirectionValidation(java.lang.String, java.lang.String)[pri:1, instance:com.tutorialsninja.TutorialsninjaAutomation.testscripts.HeatClinicFuctionalityTesting@4d49af10]" started-at="2019-11-08T14:36:33Z" name="headerRedirectionValidation" data-provider="Headertitle" finished-at="2019-11-08T14:36:34Z" duration-ms="785" status="PASS">
          <params>
            <param index="0">
              <value>
                <![CDATA[4]]>
              </value>
            </param>
            <param index="1">
              <value>
                <![CDATA[Broadleaf Commerce Demo Store - Heat Clinic - Clearance]]>
              </value>
            </param>
          </params>
          <reporter-output>
          </reporter-output>
        </test-method> <!-- headerRedirectionValidation -->
        <test-method signature="headerRedirectionValidation(java.lang.String, java.lang.String)[pri:1, instance:com.tutorialsninja.TutorialsninjaAutomation.testscripts.HeatClinicFuctionalityTesting@4d49af10]" started-at="2019-11-08T14:36:34Z" name="headerRedirectionValidation" data-provider="Headertitle" finished-at="2019-11-08T14:36:35Z" duration-ms="927" status="PASS">
          <params>
            <param index="0">
              <value>
                <![CDATA[5]]>
              </value>
            </param>
            <param index="1">
              <value>
                <![CDATA[Broadleaf Commerce Demo Store - Heat Clinic - New to Hot Sauce]]>
              </value>
            </param>
          </params>
          <reporter-output>
          </reporter-output>
        </test-method> <!-- headerRedirectionValidation -->
        <test-method signature="headerRedirectionValidation(java.lang.String, java.lang.String)[pri:1, instance:com.tutorialsninja.TutorialsninjaAutomation.testscripts.HeatClinicFuctionalityTesting@4d49af10]" started-at="2019-11-08T14:36:35Z" name="headerRedirectionValidation" data-provider="Headertitle" finished-at="2019-11-08T14:36:36Z" duration-ms="759" status="PASS">
          <params>
            <param index="0">
              <value>
                <![CDATA[6]]>
              </value>
            </param>
            <param index="1">
              <value>
                <![CDATA[Broadleaf Commerce Demo Store - Heat Clinic - FAQ]]>
              </value>
            </param>
          </params>
          <reporter-output>
          </reporter-output>
        </test-method> <!-- headerRedirectionValidation -->
        <test-method signature="merchandiseFunctionality([Ljava.lang.String;)[pri:2, instance:com.tutorialsninja.TutorialsninjaAutomation.testscripts.HeatClinicFuctionalityTesting@4d49af10]" started-at="2019-11-08T14:36:36Z" name="merchandiseFunctionality" data-provider="shirtdata" finished-at="2019-11-08T14:37:06Z" duration-ms="30524" status="FAIL">
          <params>
            <param index="0">
              <value>
                <![CDATA[[Ljava.lang.String;@294ebdae]]>
              </value>
            </param>
          </params>
          <exception class="java.lang.AssertionError">
            <message>
              <![CDATA[expected [$44.97] but found [$14.99]]]>
            </message>
            <full-stacktrace>
              <![CDATA[java.lang.AssertionError: expected [$44.97] but found [$14.99]
at org.testng.Assert.fail(Assert.java:96)
at org.testng.Assert.failNotEquals(Assert.java:776)
at org.testng.Assert.assertEqualsImpl(Assert.java:137)
at org.testng.Assert.assertEquals(Assert.java:118)
at org.testng.Assert.assertEquals(Assert.java:453)
at org.testng.Assert.assertEquals(Assert.java:463)
at com.tutorialsninja.TutorialsninjaAutomation.pages.HeatClinicValidation.assertion(HeatClinicValidation.java:43)
at com.tutorialsninja.TutorialsninjaAutomation.pages.HeatClinicValidation.totalPriceValidation(HeatClinicValidation.java:87)
at com.tutorialsninja.TutorialsninjaAutomation.testscripts.HeatClinicFuctionalityTesting.merchandiseFunctionality(HeatClinicFuctionalityTesting.java:66)
at java.base/jdk.internal.reflect.NativeMethodAccessorImpl.invoke0(Native Method)
at java.base/jdk.internal.reflect.NativeMethodAccessorImpl.invoke(NativeMethodAccessorImpl.java:62)
at java.base/jdk.internal.reflect.DelegatingMethodAccessorImpl.invoke(DelegatingMethodAccessorImpl.java:43)
at java.base/java.lang.reflect.Method.invoke(Method.java:567)
at org.testng.internal.MethodInvocationHelper.invokeMethod(MethodInvocationHelper.java:124)
at org.testng.internal.Invoker.invokeMethod(Invoker.java:583)
at org.testng.internal.Invoker.invokeTestMethod(Invoker.java:719)
at org.testng.internal.Invoker.invokeTestMethods(Invoker.java:989)
at org.testng.internal.TestMethodWorker.invokeTestMethods(TestMethodWorker.java:125)
at org.testng.internal.TestMethodWorker.run(TestMethodWorker.java:109)
at org.testng.TestRunner.privateRun(TestRunner.java:648)
at org.testng.TestRunner.run(TestRunner.java:505)
at org.testng.SuiteRunner.runTest(SuiteRunner.java:455)
at org.testng.SuiteRunner.runSequentially(SuiteRunner.java:450)
at org.testng.SuiteRunner.privateRun(SuiteRunner.java:415)
at org.testng.SuiteRunner.run(SuiteRunner.java:364)
at org.testng.SuiteRunnerWorker.runSuite(SuiteRunnerWorker.java:52)
at org.testng.SuiteRunnerWorker.run(SuiteRunnerWorker.java:84)
at org.testng.TestNG.runSuitesSequentially(TestNG.java:1208)
at org.testng.TestNG.runSuitesSequentially(TestNG.java:1204)
at org.testng.TestNG.runSuitesLocally(TestNG.java:1137)
at org.testng.TestNG.runSuites(TestNG.java:1049)
at org.testng.TestNG.run(TestNG.java:1017)
at org.apache.maven.surefire.testng.TestNGExecutor.run(TestNGExecutor.java:283)
at org.apache.maven.surefire.testng.TestNGXmlTestSuite.execute(TestNGXmlTestSuite.java:75)
at org.apache.maven.surefire.testng.TestNGProvider.invoke(TestNGProvider.java:120)
at org.apache.maven.surefire.booter.ForkedBooter.invokeProviderInSameClassLoader(ForkedBooter.java:384)
at org.apache.maven.surefire.booter.ForkedBooter.runSuitesInProcess(ForkedBooter.java:345)
at org.apache.maven.surefire.booter.ForkedBooter.execute(ForkedBooter.java:126)
at org.apache.maven.surefire.booter.ForkedBooter.main(ForkedBooter.java:418)
]]>
            </full-stacktrace>
          </exception> <!-- java.lang.AssertionError -->
          <reporter-output>
          </reporter-output>
        </test-method> <!-- merchandiseFunctionality -->
        <test-method is-config="true" signature="endTest()[pri:0, instance:com.tutorialsninja.TutorialsninjaAutomation.testscripts.HeatClinicFuctionalityTesting@4d49af10]" started-at="2019-11-08T14:37:06Z" name="endTest" finished-at="2019-11-08T14:37:07Z" duration-ms="913" status="PASS">
          <reporter-output>
          </reporter-output>
        </test-method> <!-- endTest -->
      </class> <!-- com.tutorialsninja.TutorialsninjaAutomation.testscripts.HeatClinicFuctionalityTesting -->
    </test> <!-- Test -->
  </suite> <!-- Suite (0) -->
</testng-results>
